2020-05-25 16:54:16,659 - learnergy.models.rbm — INFO — Overriding class: Model -> RBM.
2020-05-25 16:54:16,684 - learnergy.core.model — DEBUG — Device: cuda.
2020-05-25 16:54:17,692 - learnergy.models.rbm — INFO — Class overrided.
2020-05-25 16:54:17,692 - learnergy.models.rbm — DEBUG — Size: (784, 128) | Learning: CD-1 | Hyperparameters: lr = 0.1, momentum = 0, decay = 0, T = 1.
2020-05-25 16:54:17,692 - learnergy.models.rbm — INFO — Epoch 1/5
2020-05-25 16:54:23,948 - learnergy.models.rbm — INFO — MSE: 88.92410278320312 | log-PL: -149.4458465576172
2020-05-25 16:54:23,948 - learnergy.models.rbm — INFO — Epoch 2/5
2020-05-25 16:54:29,778 - learnergy.models.rbm — INFO — MSE: 61.842811584472656 | log-PL: -113.50827026367188
2020-05-25 16:54:29,779 - learnergy.models.rbm — INFO — Epoch 3/5
2020-05-25 16:54:35,562 - learnergy.models.rbm — INFO — MSE: 55.03042221069336 | log-PL: -99.96895599365234
2020-05-25 16:54:35,562 - learnergy.models.rbm — INFO — Epoch 4/5
2020-05-25 16:54:41,325 - learnergy.models.rbm — INFO — MSE: 51.28074264526367 | log-PL: -94.21611022949219
2020-05-25 16:54:41,326 - learnergy.models.rbm — INFO — Epoch 5/5
2020-05-25 16:54:47,121 - learnergy.models.rbm — INFO — MSE: 48.83997344970703 | log-PL: -90.25174713134766
2020-05-25 16:54:54,585 - learnergy.models.rbm — INFO — Overriding class: Model -> RBM.
2020-05-25 16:54:54,607 - learnergy.core.model — DEBUG — Device: cuda.
2020-05-25 16:54:55,618 - learnergy.models.rbm — INFO — Class overrided.
2020-05-25 16:54:55,618 - learnergy.models.rbm — DEBUG — Size: (784, 128) | Learning: CD-1 | Hyperparameters: lr = 0.1, momentum = 0, decay = 0, T = 1.
2020-05-25 16:54:55,618 - learnergy.models.rbm — INFO — Epoch 1/5
2020-05-25 16:55:01,673 - learnergy.models.rbm — INFO — MSE: 88.92410278320312 | log-PL: -149.4458465576172
2020-05-25 16:55:01,673 - learnergy.models.rbm — INFO — Epoch 2/5
2020-05-25 16:55:09,486 - learnergy.models.rbm — INFO — Overriding class: Model -> RBM.
2020-05-25 16:55:09,517 - learnergy.core.model — DEBUG — Device: cuda.
2020-05-25 16:55:10,492 - learnergy.models.rbm — INFO — Class overrided.
2020-05-25 16:55:10,492 - learnergy.models.rbm — DEBUG — Size: (784, 128) | Learning: CD-1 | Hyperparameters: lr = 0.1, momentum = 0, decay = 0, T = 1.
2020-05-25 16:55:10,493 - learnergy.models.rbm — INFO — Epoch 1/5
2020-05-25 16:55:16,456 - learnergy.models.rbm — INFO — MSE: 88.92410278320312 | log-PL: -149.4458465576172
2020-05-25 16:55:16,456 - learnergy.models.rbm — INFO — Epoch 2/5
2020-05-25 16:55:22,210 - learnergy.models.rbm — INFO — MSE: 61.842811584472656 | log-PL: -113.50827026367188
2020-05-25 16:55:22,211 - learnergy.models.rbm — INFO — Epoch 3/5
2020-05-25 16:55:28,083 - learnergy.models.rbm — INFO — MSE: 55.03042221069336 | log-PL: -99.96895599365234
2020-05-25 16:55:28,083 - learnergy.models.rbm — INFO — Epoch 4/5
2020-05-25 16:55:33,806 - learnergy.models.rbm — INFO — MSE: 51.28074264526367 | log-PL: -94.21611022949219
2020-05-25 16:55:33,806 - learnergy.models.rbm — INFO — Epoch 5/5
2020-05-25 16:55:39,720 - learnergy.models.rbm — INFO — MSE: 48.83997344970703 | log-PL: -90.25174713134766
2020-05-25 16:55:48,898 - learnergy.models.rbm — INFO — Overriding class: Model -> RBM.
2020-05-25 16:55:48,924 - learnergy.core.model — DEBUG — Device: cuda.
2020-05-25 16:55:49,906 - learnergy.models.rbm — INFO — Class overrided.
2020-05-25 16:55:49,907 - learnergy.models.rbm — DEBUG — Size: (784, 128) | Learning: CD-1 | Hyperparameters: lr = 0.1, momentum = 0, decay = 0, T = 1.
2020-05-25 16:55:49,907 - learnergy.models.rbm — INFO — Epoch 1/5
2020-05-25 16:55:55,961 - learnergy.models.rbm — INFO — MSE: 89.42787170410156 | log-PL: -147.55482482910156
2020-05-25 16:55:55,962 - learnergy.models.rbm — INFO — Epoch 2/5
2020-05-25 16:56:02,099 - learnergy.models.rbm — INFO — MSE: 61.961185455322266 | log-PL: -109.92936706542969
2020-05-25 16:56:02,099 - learnergy.models.rbm — INFO — Epoch 3/5
2020-05-25 16:56:07,994 - learnergy.models.rbm — INFO — MSE: 55.20328140258789 | log-PL: -99.62876892089844
2020-05-25 16:56:07,995 - learnergy.models.rbm — INFO — Epoch 4/5
2020-05-25 16:56:13,893 - learnergy.models.rbm — INFO — MSE: 51.32078552246094 | log-PL: -92.48873138427734
2020-05-25 16:56:13,893 - learnergy.models.rbm — INFO — Epoch 5/5
2020-05-25 16:56:19,714 - learnergy.models.rbm — INFO — MSE: 48.780094146728516 | log-PL: -89.9052505493164
2020-05-25 16:56:34,930 - learnergy.models.rbm — INFO — Reconstructing new samples ...
2020-05-25 16:56:38,495 - learnergy.models.rbm — INFO — MSE: 61.786685943603516
2020-05-25 16:56:44,112 - learnergy.models.rbm — INFO — Reconstructing new samples ...
2020-05-25 16:56:47,671 - learnergy.models.rbm — INFO — MSE: 62.62324905395508
